{"level":50,"time":"15 June, 2023 at 6:06 AM","pid":32172,"hostname":"codespaces-b74340","msg":"Error 💥Error: Already exist !"}
{"level":50,"time":"15 June, 2023 at 6:33 AM","pid":42017,"hostname":"codespaces-b74340","msg":"Error 💥Error: invalid code"}
{"level":50,"time":"15 June, 2023 at 6:33 AM","pid":42017,"hostname":"codespaces-b74340","msg":"Error 💥Error: Already exist !"}
{"level":50,"time":"15 June, 2023 at 6:50 AM","pid":46986,"hostname":"codespaces-b74340","msg":"Error 💥Error: Invalid input data. Expected string, received number"}
{"level":50,"time":"15 June, 2023 at 7:23 AM","pid":62023,"hostname":"codespaces-b74340","msg":"Uncaught Exception...😓. Process Terminated"}
{"level":50,"time":"15 June, 2023 at 7:23 AM","pid":62267,"hostname":"codespaces-b74340","msg":"Uncaught Exception...😓. Process Terminated"}
{"level":50,"time":"15 June, 2023 at 7:25 AM","pid":63647,"hostname":"codespaces-b74340","msg":"Uncaught Exception...😓. Process Terminated"}
{"level":50,"time":"15 June, 2023 at 11:06 AM","pid":48840,"hostname":"codespaces-b74340","msg":"Uncaught Exception...😓. Process Terminated"}
{"level":50,"time":"15 June, 2023 at 11:08 AM","pid":49577,"hostname":"codespaces-b74340","msg":"Uncaught Exception...😓. Process Terminated"}
{"level":50,"time":"17 June, 2023 at 5:32 AM","pid":20426,"hostname":"codespaces-b74340","msg":"Uncaught Exception...😓. Process Terminated"}
{"level":50,"time":"17 June, 2023 at 5:33 AM","pid":20569,"hostname":"codespaces-b74340","msg":"Uncaught Exception...😓. Process Terminated"}
{"level":50,"time":"17 June, 2023 at 6:11 AM","pid":37794,"hostname":"codespaces-b74340","msg":"Uncaught Exception...😓. Process Terminated"}
{"level":50,"time":"17 June, 2023 at 6:18 AM","pid":41431,"hostname":"codespaces-b74340","msg":"Uncaught Exception...😓. Process Terminated"}
{"level":50,"time":"17 June, 2023 at 6:21 AM","pid":43354,"hostname":"codespaces-b74340","msg":"Uncaught Exception...😓. Process Terminated"}
{"level":50,"time":"17 June, 2023 at 9:54 AM","pid":3460,"hostname":"codespaces-b74340","msg":"Uncaught Exception...😓. Process Terminated"}
{"level":50,"time":"17 June, 2023 at 10:04 AM","pid":8017,"hostname":"codespaces-b74340","msg":"Uncaught Exception...😓. Process Terminated"}
{"level":50,"time":"17 June, 2023 at 10:24 AM","pid":16635,"hostname":"codespaces-b74340","msg":"Uncaught Exception...😓. Process Terminated"}
{"level":50,"time":"17 June, 2023 at 10:34 AM","pid":21228,"hostname":"codespaces-b74340","msg":"Uncaught Exception...😓. Process Terminated"}
{"level":50,"time":"17 June, 2023 at 10:38 AM","pid":23441,"hostname":"codespaces-b74340","msg":"Uncaught Exception...😓. Process Terminated"}
{"level":50,"time":"17 June, 2023 at 10:47 AM","pid":27957,"hostname":"codespaces-b74340","msg":"Uncaught Exception...😓. Process Terminated"}
{"level":50,"time":"17 June, 2023 at 10:53 AM","pid":31062,"hostname":"codespaces-b74340","msg":"Uncaught Exception...😓. Process Terminated"}
{"level":50,"time":"17 June, 2023 at 10:58 AM","pid":33588,"hostname":"codespaces-b74340","msg":"Uncaught Exception...😓. Process Terminated"}
{"level":50,"time":"17 June, 2023 at 11:05 AM","pid":38230,"hostname":"codespaces-b74340","msg":"Uncaught Exception...😓. Process Terminated"}
{"level":50,"time":"17 June, 2023 at 11:14 AM","pid":43204,"hostname":"codespaces-b74340","msg":"Uncaught Exception...😓. Process Terminated"}
{"level":50,"time":"17 June, 2023 at 11:16 AM","pid":44347,"hostname":"codespaces-b74340","msg":"Uncaught Exception...😓. Process Terminated"}
{"level":50,"time":"17 June, 2023 at 11:26 AM","pid":50423,"hostname":"codespaces-b74340","msg":"Uncaught Exception...😓. Process Terminated"}
{"level":50,"time":"17 June, 2023 at 11:28 AM","pid":51373,"hostname":"codespaces-b74340","msg":"Uncaught Exception...😓. Process Terminated"}
{"level":50,"time":"17 June, 2023 at 11:31 AM","pid":52734,"hostname":"codespaces-b74340","msg":"Uncaught Exception...😓. Process Terminated"}
{"level":50,"time":"17 June, 2023 at 11:32 AM","pid":53505,"hostname":"codespaces-b74340","msg":"Uncaught Exception...😓. Process Terminated"}
{"level":50,"time":"17 June, 2023 at 11:33 AM","pid":54061,"hostname":"codespaces-b74340","msg":"Uncaught Exception...😓. Process Terminated"}
{"level":50,"time":"20 June, 2023 at 5:43 AM","pid":13344,"hostname":"codespaces-b74340","msg":"Uncaught Exception...😓. Process Terminated"}
{"level":50,"time":"20 June, 2023 at 5:50 AM","pid":16923,"hostname":"codespaces-b74340","msg":"Uncaught Exception...😓. Process Terminated"}
{"level":50,"time":"20 June, 2023 at 11:05 AM","pid":7233,"hostname":"codespaces-b74340","msg":"Uncaught Exception...😓. Process Terminated"}
{"level":50,"time":"20 June, 2023 at 11:11 AM","pid":10004,"hostname":"codespaces-b74340","msg":"Uncaught Exception...😓. Process Terminated"}
{"level":50,"time":"20 June, 2023 at 11:18 AM","pid":13245,"hostname":"codespaces-b74340","msg":"Uncaught Exception...😓. Process Terminated"}
{"level":50,"time":"20 June, 2023 at 11:20 AM","pid":14372,"hostname":"codespaces-b74340","msg":"Uncaught Exception...😓. Process Terminated"}
{"level":50,"time":"20 June, 2023 at 11:23 AM","pid":15873,"hostname":"codespaces-b74340","msg":"Uncaught Exception...😓. Process Terminated"}
{"level":50,"time":"20 June, 2023 at 11:24 AM","pid":16784,"hostname":"codespaces-b74340","msg":"Uncaught Exception...😓. Process Terminated"}
{"level":50,"time":"20 June, 2023 at 11:26 AM","pid":17956,"hostname":"codespaces-b74340","msg":"Uncaught Exception...😓. Process Terminated"}
{"level":50,"time":"20 June, 2023 at 11:37 AM","pid":23283,"hostname":"codespaces-b74340","msg":"Uncaught Exception...😓. Process Terminated"}
{"level":50,"time":"21 June, 2023 at 6:40 AM","pid":38519,"hostname":"codespaces-b74340","msg":"Uncaught Exception...😓. Process Terminated"}
{"level":50,"time":"21 June, 2023 at 6:40 AM","pid":39012,"hostname":"codespaces-b74340","msg":"Uncaught Exception...😓. Process Terminated"}
{"level":50,"time":"21 June, 2023 at 6:45 AM","pid":41486,"hostname":"codespaces-b74340","msg":"Error 💥Error: Invalid _id: 6491d8481948cd3561274cf."}
{"level":50,"time":"21 June, 2023 at 6:48 AM","pid":42927,"hostname":"codespaces-b74340","msg":"Error 💥Error: Invalid _id: 6491d8481948cd3561274cf."}
{"level":50,"time":"21 June, 2023 at 6:49 AM","pid":43902,"hostname":"codespaces-b74340","msg":"Uncaught Exception...😓. Process Terminated"}
{"level":50,"time":"21 June, 2023 at 6:51 AM","pid":44620,"hostname":"codespaces-b74340","msg":"Uncaught Exception...😓. Process Terminated"}
{"level":50,"time":"21 June, 2023 at 6:51 AM","pid":44829,"hostname":"codespaces-b74340","msg":"Error 💥Error: Invalid _id: 6491d8481948cd3561274cf."}
{"level":50,"time":"21 June, 2023 at 6:51 AM","pid":44829,"hostname":"codespaces-b74340","msg":"Error 💥Error: Invalid _id: 6491d8481948cd3561274cf."}
{"level":50,"time":"21 June, 2023 at 6:53 AM","pid":46194,"hostname":"codespaces-b74340","msg":"Error 💥Error: Invalid _id: 6491d8481948cd3561274cf."}
{"level":50,"time":"21 June, 2023 at 6:53 AM","pid":46194,"hostname":"codespaces-b74340","msg":"Error 💥Error: Invalid _id: 6491d8481948cd3561274cf."}
{"level":50,"time":"21 June, 2023 at 6:54 AM","pid":46688,"hostname":"codespaces-b74340","msg":"Uncaught Exception...😓. Process Terminated"}
{"level":50,"time":"21 June, 2023 at 6:57 AM","pid":48061,"hostname":"codespaces-b74340","msg":"Uncaught Exception...😓. Process Terminated"}
{"level":50,"time":"21 June, 2023 at 6:57 AM","pid":48282,"hostname":"codespaces-b74340","msg":"Uncaught Exception...😓. Process Terminated"}
{"level":50,"time":"21 June, 2023 at 6:57 AM","pid":48543,"hostname":"codespaces-b74340","msg":"Error 💥Error: Invalid _id: 6491d8481948cd3561274cf."}
{"level":50,"time":"21 June, 2023 at 7:00 AM","pid":49507,"hostname":"codespaces-b74340","msg":"Error 💥Error: Invalid _id: 6491d8481948cd3561274cf."}
{"level":50,"time":"21 June, 2023 at 7:05 AM","pid":52129,"hostname":"codespaces-b74340","msg":"Uncaught Exception...😓. Process Terminated"}
{"level":50,"time":"21 June, 2023 at 7:06 AM","pid":53186,"hostname":"codespaces-b74340","msg":"Uncaught Exception...😓. Process Terminated"}
{"level":50,"time":"21 June, 2023 at 7:07 AM","pid":53934,"hostname":"codespaces-b74340","msg":"Uncaught Exception...😓. Process Terminated"}
{"level":50,"time":"21 June, 2023 at 7:10 AM","pid":55875,"hostname":"codespaces-b74340","msg":"Error 💥Error: Invalid _id: 6491d8481948cd3561274cf."}
{"level":50,"time":"21 June, 2023 at 7:13 AM","pid":57215,"hostname":"codespaces-b74340","msg":"Error 💥Error: Invalid _id: 6491d8db348e64dd43138f2."}
{"level":50,"time":"22 June, 2023 at 6:33 AM","pid":36104,"hostname":"codespaces-b74340","msg":"Uncaught Exception...😓. Process Terminated"}
{"level":50,"time":"22 June, 2023 at 6:34 AM","pid":36687,"hostname":"codespaces-b74340","msg":"Error 💥Error: Invalid input data. title and code are not matching"}
{"level":50,"time":"22 June, 2023 at 6:36 AM","pid":37713,"hostname":"codespaces-b74340","msg":"Error 💥Error: Invalid input data. Required"}
{"level":50,"time":"22 June, 2023 at 6:36 AM","pid":37713,"hostname":"codespaces-b74340","msg":"Error 💥Error: Invalid input data. Required"}
{"level":50,"time":"22 June, 2023 at 6:42 AM","pid":40398,"hostname":"codespaces-b74340","msg":"Error 💥Error: Invalid input data. title and code are not matching"}
{"level":50,"time":"22 June, 2023 at 6:52 AM","pid":44465,"hostname":"codespaces-b74340","msg":"Error 💥Error: Invalid input data. Unrecognized key(s) in object: 'mode'"}
{"level":50,"time":"22 June, 2023 at 6:53 AM","pid":44904,"hostname":"codespaces-b74340","msg":"Error 💥Error: Invalid input data. title and code are not matching"}
{"level":50,"time":"22 June, 2023 at 6:58 AM","pid":47268,"hostname":"codespaces-b74340","msg":"Error 💥Error: Invalid input data. title and code are not matching"}
{"level":50,"time":"22 June, 2023 at 7:09 AM","pid":52352,"hostname":"codespaces-b74340","msg":"Error 💥Error: Invalid input data. Unrecognized key(s) in object: 'full'"}
{"level":50,"time":"22 June, 2023 at 7:14 AM","pid":54531,"hostname":"codespaces-b74340","msg":"Error 💥Error: Invalid _id: 6491d8481948cd3561274cf."}
{"level":50,"time":"22 June, 2023 at 7:16 AM","pid":56238,"hostname":"codespaces-b74340","msg":"Uncaught Exception...😓. Process Terminated"}
{"level":50,"time":"22 June, 2023 at 7:17 AM","pid":56366,"hostname":"codespaces-b74340","msg":"Uncaught Exception...😓. Process Terminated"}
{"level":50,"time":"22 June, 2023 at 7:27 AM","pid":59818,"hostname":"codespaces-b74340","msg":"Error 💥Error: Invalid input data. Invalid enum value. Expected 'Autumn' | 'Summer' | 'Fall', received 'siam'"}
{"level":50,"time":"22 June, 2023 at 7:28 AM","pid":59818,"hostname":"codespaces-b74340","msg":"Error 💥Error: Requrested Document Not Found"}
{"level":50,"time":"22 June, 2023 at 7:30 AM","pid":62826,"hostname":"codespaces-b74340","msg":"Uncaught Exception...😓. Process Terminated"}
{"level":50,"time":"22 June, 2023 at 10:54 AM","pid":17421,"hostname":"codespaces-b74340","msg":"Error 💥Error: Invalid input data. Title must be a string"}
{"level":50,"time":"22 June, 2023 at 10:55 AM","pid":17421,"hostname":"codespaces-b74340","msg":"Error 💥Error: Invalid input data. Unrecognized key(s) in object: 'some'"}
{"level":50,"time":"22 June, 2023 at 11:00 AM","pid":19830,"hostname":"codespaces-b74340","msg":"Error 💥Error: Duplicate field value: Humanity. Please use another value!"}
